<?xml version="1.0" encoding="UTF-8"?>
<!-- Generated by org.testng.reporters.JUnitReportReporter -->
<testsuite skipped="0" hostname="in-suhailma-1" name="com.qa.jenk.Demo" tests="1" failures="0" timestamp="29 Mar 2018 03:53:07 GMT" time="6.357" errors="0">
  <testcase name="A" time="6.357" classname="com.qa.jenk.Demo"/>
</testsuite> <!-- com.qa.jenk.Demo -->
